nohup: ignoring input
[kazuki-native] ws=0 gamma=0.1 episode=1/10 outcome=CR steps=16
[kazuki-native] ws=0 gamma=0.1 episode=2/10 outcome=CR steps=37
[kazuki-native] ws=0 gamma=0.1 episode=3/10 outcome=CR steps=16
[kazuki-native] ws=0 gamma=0.1 episode=4/10 outcome=CR steps=15
[kazuki-native] ws=0 gamma=0.1 episode=5/10 outcome=CR steps=15
[kazuki-native] ws=0 gamma=0.1 episode=6/10 outcome=CR steps=15
[kazuki-native] ws=0 gamma=0.1 episode=7/10 outcome=CR steps=18
[kazuki-native] ws=0 gamma=0.1 episode=8/10 outcome=CR steps=34
[kazuki-native] ws=0 gamma=0.1 episode=9/10 outcome=CR steps=14
[kazuki-native] ws=0 gamma=0.1 episode=10/10 outcome=CR steps=17
[kazuki-native] ws=0 gamma=0.5 episode=1/10 outcome=CR steps=17
[kazuki-native] ws=0 gamma=0.5 episode=2/10 outcome=CR steps=17
[kazuki-native] ws=0 gamma=0.5 episode=3/10 outcome=CR steps=18
[kazuki-native] ws=0 gamma=0.5 episode=4/10 outcome=CR steps=16
[kazuki-native] ws=0 gamma=0.5 episode=5/10 outcome=CR steps=14
[kazuki-native] ws=0 gamma=0.5 episode=6/10 outcome=CR steps=15
[kazuki-native] ws=0 gamma=0.5 episode=7/10 outcome=CR steps=15
[kazuki-native] ws=0 gamma=0.5 episode=8/10 outcome=CR steps=15
[kazuki-native] ws=0 gamma=0.5 episode=9/10 outcome=CR steps=15
[kazuki-native] ws=0 gamma=0.5 episode=10/10 outcome=CR steps=17
[kazuki-native] ws=0 gamma=1 episode=1/10 outcome=CR steps=32
[kazuki-native] ws=0 gamma=1 episode=2/10 outcome=CR steps=16
[kazuki-native] ws=0 gamma=1 episode=3/10 outcome=CR steps=34
[kazuki-native] ws=0 gamma=1 episode=4/10 outcome=CR steps=33
[kazuki-native] ws=0 gamma=1 episode=5/10 outcome=CR steps=18
[kazuki-native] ws=0 gamma=1 episode=6/10 outcome=CR steps=39
[kazuki-native] ws=0 gamma=1 episode=7/10 outcome=CR steps=14
[kazuki-native] ws=0 gamma=1 episode=8/10 outcome=CR steps=38
[kazuki-native] ws=0 gamma=1 episode=9/10 outcome=CR steps=16
[kazuki-native] ws=0 gamma=1 episode=10/10 outcome=CR steps=35
[kazuki-native] ws=0.1 gamma=0.1 episode=1/10 outcome=CR steps=41
[kazuki-native] ws=0.1 gamma=0.1 episode=2/10 outcome=CR steps=39
[kazuki-native] ws=0.1 gamma=0.1 episode=3/10 outcome=CR steps=38
[kazuki-native] ws=0.1 gamma=0.1 episode=4/10 outcome=CR steps=15
[kazuki-native] ws=0.1 gamma=0.1 episode=5/10 outcome=CR steps=15
[kazuki-native] ws=0.1 gamma=0.1 episode=6/10 outcome=CR steps=40
[kazuki-native] ws=0.1 gamma=0.1 episode=7/10 outcome=CR steps=39
[kazuki-native] ws=0.1 gamma=0.1 episode=8/10 outcome=CR steps=17
[kazuki-native] ws=0.1 gamma=0.1 episode=9/10 outcome=CR steps=35
[kazuki-native] ws=0.1 gamma=0.1 episode=10/10 outcome=CR steps=16
[kazuki-native] ws=0.1 gamma=0.5 episode=1/10 outcome=CR steps=34
[kazuki-native] ws=0.1 gamma=0.5 episode=2/10 outcome=CR steps=35
[kazuki-native] ws=0.1 gamma=0.5 episode=3/10 outcome=CR steps=32
[kazuki-native] ws=0.1 gamma=0.5 episode=4/10 outcome=CR steps=33
[kazuki-native] ws=0.1 gamma=0.5 episode=5/10 outcome=CR steps=17
[kazuki-native] ws=0.1 gamma=0.5 episode=6/10 outcome=CR steps=16
[kazuki-native] ws=0.1 gamma=0.5 episode=7/10 outcome=CR steps=14
[kazuki-native] ws=0.1 gamma=0.5 episode=8/10 outcome=CR steps=15
[kazuki-native] ws=0.1 gamma=0.5 episode=9/10 outcome=CR steps=16
[kazuki-native] ws=0.1 gamma=0.5 episode=10/10 outcome=CR steps=37
[kazuki-native] ws=0.1 gamma=1 episode=1/10 outcome=CR steps=35
[kazuki-native] ws=0.1 gamma=1 episode=2/10 outcome=CR steps=17
[kazuki-native] ws=0.1 gamma=1 episode=3/10 outcome=CR steps=16
[kazuki-native] ws=0.1 gamma=1 episode=4/10 outcome=CR steps=34
[kazuki-native] ws=0.1 gamma=1 episode=5/10 outcome=CR steps=16
[kazuki-native] ws=0.1 gamma=1 episode=6/10 outcome=CR steps=33
[kazuki-native] ws=0.1 gamma=1 episode=7/10 outcome=CR steps=16
[kazuki-native] ws=0.1 gamma=1 episode=8/10 outcome=CR steps=33
[kazuki-native] ws=0.1 gamma=1 episode=9/10 outcome=CR steps=18
[kazuki-native] ws=0.1 gamma=1 episode=10/10 outcome=CR steps=18
[kazuki-native] ws=0.3 gamma=0.1 episode=1/10 outcome=CR steps=16
[kazuki-native] ws=0.3 gamma=0.1 episode=2/10 outcome=CR steps=36
[kazuki-native] ws=0.3 gamma=0.1 episode=3/10 outcome=CR steps=37
[kazuki-native] ws=0.3 gamma=0.1 episode=4/10 outcome=CR steps=18
[kazuki-native] ws=0.3 gamma=0.1 episode=5/10 outcome=CR steps=17
[kazuki-native] ws=0.3 gamma=0.1 episode=6/10 outcome=CR steps=38
[kazuki-native] ws=0.3 gamma=0.1 episode=7/10 outcome=CR steps=17
[kazuki-native] ws=0.3 gamma=0.1 episode=8/10 outcome=CR steps=19
[kazuki-native] ws=0.3 gamma=0.1 episode=9/10 outcome=CR steps=15
[kazuki-native] ws=0.3 gamma=0.1 episode=10/10 outcome=CR steps=17
[kazuki-native] ws=0.3 gamma=0.5 episode=1/10 outcome=CR steps=35
[kazuki-native] ws=0.3 gamma=0.5 episode=2/10 outcome=CR steps=19
[kazuki-native] ws=0.3 gamma=0.5 episode=3/10 outcome=CR steps=14
[kazuki-native] ws=0.3 gamma=0.5 episode=4/10 outcome=CR steps=15
[kazuki-native] ws=0.3 gamma=0.5 episode=5/10 outcome=CR steps=14
[kazuki-native] ws=0.3 gamma=0.5 episode=6/10 outcome=CR steps=18
[kazuki-native] ws=0.3 gamma=0.5 episode=7/10 outcome=CR steps=17
[kazuki-native] ws=0.3 gamma=0.5 episode=8/10 outcome=CR steps=16
[kazuki-native] ws=0.3 gamma=0.5 episode=9/10 outcome=CR steps=18
[kazuki-native] ws=0.3 gamma=0.5 episode=10/10 outcome=CR steps=31
[kazuki-native] ws=0.3 gamma=1 episode=1/10 outcome=CR steps=44
[kazuki-native] ws=0.3 gamma=1 episode=2/10 outcome=CR steps=16
[kazuki-native] ws=0.3 gamma=1 episode=3/10 outcome=CR steps=16
[kazuki-native] ws=0.3 gamma=1 episode=4/10 outcome=CR steps=16
[kazuki-native] ws=0.3 gamma=1 episode=5/10 outcome=CR steps=15
[kazuki-native] ws=0.3 gamma=1 episode=6/10 outcome=CR steps=38
[kazuki-native] ws=0.3 gamma=1 episode=7/10 outcome=CR steps=16
[kazuki-native] ws=0.3 gamma=1 episode=8/10 outcome=CR steps=35
[kazuki-native] ws=0.3 gamma=1 episode=9/10 outcome=CR steps=38
[kazuki-native] ws=0.3 gamma=1 episode=10/10 outcome=CR steps=36
[kazuki-native] ws=0.5 gamma=0.1 episode=1/10 outcome=CR steps=39
[kazuki-native] ws=0.5 gamma=0.1 episode=2/10 outcome=CR steps=39
[kazuki-native] ws=0.5 gamma=0.1 episode=3/10 outcome=CR steps=40
[kazuki-native] ws=0.5 gamma=0.1 episode=4/10 outcome=CR steps=49
[kazuki-native] ws=0.5 gamma=0.1 episode=5/10 outcome=CR steps=42
[kazuki-native] ws=0.5 gamma=0.1 episode=6/10 outcome=CR steps=17
[kazuki-native] ws=0.5 gamma=0.1 episode=7/10 outcome=CR steps=41
[kazuki-native] ws=0.5 gamma=0.1 episode=8/10 outcome=CR steps=43
[kazuki-native] ws=0.5 gamma=0.1 episode=9/10 outcome=CR steps=39
[kazuki-native] ws=0.5 gamma=0.1 episode=10/10 outcome=CR steps=39
[kazuki-native] ws=0.5 gamma=0.5 episode=1/10 outcome=CR steps=15
[kazuki-native] ws=0.5 gamma=0.5 episode=2/10 outcome=CR steps=35
[kazuki-native] ws=0.5 gamma=0.5 episode=3/10 outcome=CR steps=36
[kazuki-native] ws=0.5 gamma=0.5 episode=4/10 outcome=CR steps=15
[kazuki-native] ws=0.5 gamma=0.5 episode=5/10 outcome=CR steps=15
[kazuki-native] ws=0.5 gamma=0.5 episode=6/10 outcome=CR steps=35
[kazuki-native] ws=0.5 gamma=0.5 episode=7/10 outcome=CR steps=15
[kazuki-native] ws=0.5 gamma=0.5 episode=8/10 outcome=CR steps=37
[kazuki-native] ws=0.5 gamma=0.5 episode=9/10 outcome=CR steps=39
[kazuki-native] ws=0.5 gamma=0.5 episode=10/10 outcome=CR steps=18
[kazuki-native] ws=0.5 gamma=1 episode=1/10 outcome=CR steps=34
[kazuki-native] ws=0.5 gamma=1 episode=2/10 outcome=CR steps=15
[kazuki-native] ws=0.5 gamma=1 episode=3/10 outcome=CR steps=15
[kazuki-native] ws=0.5 gamma=1 episode=4/10 outcome=CR steps=35
[kazuki-native] ws=0.5 gamma=1 episode=5/10 outcome=CR steps=14
[kazuki-native] ws=0.5 gamma=1 episode=6/10 outcome=CR steps=14
[kazuki-native] ws=0.5 gamma=1 episode=7/10 outcome=CR steps=14
[kazuki-native] ws=0.5 gamma=1 episode=8/10 outcome=CR steps=17
[kazuki-native] ws=0.5 gamma=1 episode=9/10 outcome=CR steps=16
[kazuki-native] ws=0.5 gamma=1 episode=10/10 outcome=CR steps=17
[kazuki-native] ws=0.7 gamma=0.1 episode=1/10 outcome=CR steps=45
[kazuki-native] ws=0.7 gamma=0.1 episode=2/10 outcome=SR steps=117
[kazuki-native] ws=0.7 gamma=0.1 episode=3/10 outcome=CR steps=22
[kazuki-native] ws=0.7 gamma=0.1 episode=4/10 outcome=CR steps=64
[kazuki-native] ws=0.7 gamma=0.1 episode=5/10 outcome=CR steps=42
[kazuki-native] ws=0.7 gamma=0.1 episode=6/10 outcome=CR steps=52
[kazuki-native] ws=0.7 gamma=0.1 episode=7/10 outcome=CR steps=43
[kazuki-native] ws=0.7 gamma=0.1 episode=8/10 outcome=CR steps=52
[kazuki-native] ws=0.7 gamma=0.1 episode=9/10 outcome=CR steps=43
[kazuki-native] ws=0.7 gamma=0.1 episode=10/10 outcome=CR steps=46
[kazuki-native] ws=0.7 gamma=0.5 episode=1/10 outcome=CR steps=36
[kazuki-native] ws=0.7 gamma=0.5 episode=2/10 outcome=CR steps=17
[kazuki-native] ws=0.7 gamma=0.5 episode=3/10 outcome=CR steps=17
[kazuki-native] ws=0.7 gamma=0.5 episode=4/10 outcome=CR steps=36
[kazuki-native] ws=0.7 gamma=0.5 episode=5/10 outcome=CR steps=15
[kazuki-native] ws=0.7 gamma=0.5 episode=6/10 outcome=CR steps=37
[kazuki-native] ws=0.7 gamma=0.5 episode=7/10 outcome=CR steps=34
[kazuki-native] ws=0.7 gamma=0.5 episode=8/10 outcome=CR steps=17
[kazuki-native] ws=0.7 gamma=0.5 episode=9/10 outcome=CR steps=16
[kazuki-native] ws=0.7 gamma=0.5 episode=10/10 outcome=CR steps=15
[kazuki-native] ws=0.7 gamma=1 episode=1/10 outcome=CR steps=16
[kazuki-native] ws=0.7 gamma=1 episode=2/10 outcome=CR steps=16
[kazuki-native] ws=0.7 gamma=1 episode=3/10 outcome=CR steps=37
[kazuki-native] ws=0.7 gamma=1 episode=4/10 outcome=CR steps=52
[kazuki-native] ws=0.7 gamma=1 episode=5/10 outcome=CR steps=34
[kazuki-native] ws=0.7 gamma=1 episode=6/10 outcome=CR steps=36
[kazuki-native] ws=0.7 gamma=1 episode=7/10 outcome=CR steps=16
[kazuki-native] ws=0.7 gamma=1 episode=8/10 outcome=CR steps=14
[kazuki-native] ws=0.7 gamma=1 episode=9/10 outcome=CR steps=16
[kazuki-native] ws=0.7 gamma=1 episode=10/10 outcome=CR steps=36
[kazuki-native] ws=0.9 gamma=0.1 episode=1/10 outcome=CR steps=44
[kazuki-native] ws=0.9 gamma=0.1 episode=2/10 outcome=CR steps=40
[kazuki-native] ws=0.9 gamma=0.1 episode=3/10 outcome=SR steps=122
[kazuki-native] ws=0.9 gamma=0.1 episode=4/10 outcome=SR steps=140
[kazuki-native] ws=0.9 gamma=0.1 episode=5/10 outcome=CR steps=50
[kazuki-native] ws=0.9 gamma=0.1 episode=6/10 outcome=CR steps=47
[kazuki-native] ws=0.9 gamma=0.1 episode=7/10 outcome=CR steps=58
[kazuki-native] ws=0.9 gamma=0.1 episode=8/10 outcome=CR steps=63
[kazuki-native] ws=0.9 gamma=0.1 episode=9/10 outcome=CR steps=42
[kazuki-native] ws=0.9 gamma=0.1 episode=10/10 outcome=CR steps=60
[kazuki-native] ws=0.9 gamma=0.5 episode=1/10 outcome=CR steps=33
[kazuki-native] ws=0.9 gamma=0.5 episode=2/10 outcome=CR steps=16
[kazuki-native] ws=0.9 gamma=0.5 episode=3/10 outcome=CR steps=35
[kazuki-native] ws=0.9 gamma=0.5 episode=4/10 outcome=CR steps=15
[kazuki-native] ws=0.9 gamma=0.5 episode=5/10 outcome=CR steps=37
[kazuki-native] ws=0.9 gamma=0.5 episode=6/10 outcome=CR steps=36
[kazuki-native] ws=0.9 gamma=0.5 episode=7/10 outcome=CR steps=35
[kazuki-native] ws=0.9 gamma=0.5 episode=8/10 outcome=CR steps=37
[kazuki-native] ws=0.9 gamma=0.5 episode=9/10 outcome=CR steps=37
[kazuki-native] ws=0.9 gamma=0.5 episode=10/10 outcome=CR steps=17
[kazuki-native] ws=0.9 gamma=1 episode=1/10 outcome=CR steps=15
[kazuki-native] ws=0.9 gamma=1 episode=2/10 outcome=CR steps=17
[kazuki-native] ws=0.9 gamma=1 episode=3/10 outcome=CR steps=48
[kazuki-native] ws=0.9 gamma=1 episode=4/10 outcome=CR steps=37
[kazuki-native] ws=0.9 gamma=1 episode=5/10 outcome=CR steps=18
[kazuki-native] ws=0.9 gamma=1 episode=6/10 outcome=CR steps=37
[kazuki-native] ws=0.9 gamma=1 episode=7/10 outcome=CR steps=37
[kazuki-native] ws=0.9 gamma=1 episode=8/10 outcome=CR steps=36
[kazuki-native] ws=0.9 gamma=1 episode=9/10 outcome=CR steps=40
[kazuki-native] ws=0.9 gamma=1 episode=10/10 outcome=CR steps=40
